\BOOKMARK [1][-]{section.1}{\376\377\137\025\212\000}{}% 1
\BOOKMARK [1][-]{section.2}{\376\377\176\337\116\000\150\106\147\266\116\016\132\001\200\301\152\041\127\213}{}% 2
\BOOKMARK [2][-]{subsection.2.1}{\376\377\215\104\116\247\116\016\000\040\000O\000r\000a\000c\000l\000e}{section.2}% 3
\BOOKMARK [2][-]{subsection.2.2}{\376\377\221\315\136\372\116\016\123\330\137\002\117\134\116\072\123\314\147\140\147\106}{section.2}% 4
\BOOKMARK [2][-]{subsection.2.3}{\376\377\132\001\200\301\152\041\127\213\116\016\145\114\133\371\133\241\147\345\145\073\121\373\227\142}{section.2}% 5
\BOOKMARK [1][-]{section.3}{\376\377\147\266\147\204\221\315\136\372}{}% 6
\BOOKMARK [2][-]{subsection.3.1}{\376\377\201\352\145\071\217\333\133\211\121\150\150\106\147\266\377\010\000S\000I\000S\000F\377\011}{section.3}% 7
\BOOKMARK [2][-]{subsection.3.2}{\376\377\116\012\116\013\145\207\147\204\136\372\226\062\137\241\377\010\215\205\215\212\141\017\126\376\133\241\147\345\377\011}{section.3}% 8
\BOOKMARK [2][-]{subsection.3.3}{\376\377\155\367\124\010\210\301\122\044\226\306\142\020\116\016\150\041\121\306}{section.3}% 9
\BOOKMARK [2][-]{subsection.3.4}{\376\377\116\367\120\074\000/\147\054\117\123\225\032\133\232\377\010\227\136\116\305\213\244\167\345\377\011}{section.3}% 10
\BOOKMARK [1][-]{section.4}{\376\377\123\327\143\247\123\330\137\002}{}% 11
\BOOKMARK [2][-]{subsection.4.1}{\376\377\121\103\213\244\167\345\166\321\143\247\116\016\133\371\142\227\140\047\221\315\177\156}{section.4}% 12
\BOOKMARK [2][-]{subsection.4.2}{\376\377\171\072\117\213\137\025\133\374\123\330\137\002\377\010\145\340\201\352\165\061\123\315\140\035\377\011}{section.4}% 13
\BOOKMARK [2][-]{subsection.4.3}{\376\377\224\366\150\007\155\101\154\064\176\277\116\016\116\023\133\266\210\114\116\072\217\301\171\373\377\010\000A\000D\000M\000-\000E\000S\377\011}{section.4}% 14
\BOOKMARK [2][-]{subsection.4.4}{\376\377\151\375\117\115\123\330\137\002\116\016\000\040\000C\000S\000E}{section.4}% 15
\BOOKMARK [2][-]{subsection.4.5}{\376\377\213\244\167\345\122\006\174\173\116\016\122\250\140\001\127\372\121\306}{section.4}% 16
\BOOKMARK [2][-]{subsection.4.6}{\376\377\121\103\145\160\143\156\116\016\147\266\147\204\116\000\201\364\140\047}{section.4}% 17
\BOOKMARK [1][-]{section.5}{\376\377\145\164\124\010\060\001\143\007\150\007\116\016\154\273\164\006}{}% 18
\BOOKMARK [2][-]{subsection.5.1}{\376\377\221\315\136\372\116\016\123\330\137\002\116\113\225\364\166\204\123\315\231\210\163\257}{section.5}% 19
\BOOKMARK [2][-]{subsection.5.2}{\376\377\143\007\150\007}{section.5}% 20
\BOOKMARK [2][-]{subsection.5.3}{\376\377\154\273\164\006\116\016\000\040\000a\000t\000t\000e\000s\000t\000a\000t\000i\000o\000n}{section.5}% 21
\BOOKMARK [1][-]{section.6}{\376\377\166\370\121\163\135\345\117\134}{}% 22
\BOOKMARK [1][-]{section.7}{\376\377\134\100\226\120\116\016\217\320\210\114\217\271\165\114}{}% 23
\BOOKMARK [1][-]{section.8}{\376\377\176\323\213\272}{}% 24
