\BOOKMARK [1][-]{section.1}{\376\377\137\025\212\000}{}% 1
\BOOKMARK [1][-]{section.2}{\376\377\211\343\200\046\133\211\121\150\203\003\137\017}{}% 2
\BOOKMARK [2][-]{subsection.2.1}{\376\377\132\001\200\301\152\041\127\213\116\016\145\073\121\373\200\005\200\375\122\233}{section.2}% 3
\BOOKMARK [2][-]{subsection.2.2}{\376\377\116\316\213\355\116\111\133\241\147\345\122\060\117\341\140\157\176\317\155\116\133\146}{section.2}% 4
\BOOKMARK [2][-]{subsection.2.3}{\376\377\116\316\213\244\167\345\116\000\201\364\140\047\122\060\116\367\120\074\000/\147\054\117\123\225\032\133\232}{section.2}% 5
\BOOKMARK [2][-]{subsection.2.4}{\376\377\116\316\145\207\147\054\144\315\176\265\122\060\210\150\137\201\137\002\136\070}{section.2}% 6
\BOOKMARK [1][-]{section.3}{\376\377\147\266\147\204\221\315\136\372\377\032\127\050\147\072\126\150\220\037\136\246\116\013\145\275\122\240\176\246\147\137}{}% 7
\BOOKMARK [2][-]{subsection.3.1}{\376\377\116\012\116\013\145\207\155\367\155\306\137\025\144\316\377\032\133\371\142\227\000\040\000P\000B\000U\000\040\116\016\116\373\122\241\221\315\147\204\166\204\122\250\140\001\172\172\225\364\226\224\171\273}{section.3}% 8
\BOOKMARK [2][-]{subsection.3.2}{\376\377\155\367\124\010\210\301\122\044\226\306\142\020\116\016\122\006\136\003\213\304\117\060}{section.3}% 9
\BOOKMARK [2][-]{subsection.3.3}{\376\377\116\367\120\074\000/\147\054\117\123\225\032\133\232\060\001\226\062\137\241\140\047\226\115\176\247\116\016\137\002\147\204\140\142\131\015}{section.3}% 10
\BOOKMARK [1][-]{section.4}{\376\377\123\327\143\247\123\330\137\002\377\032\127\050\133\371\142\227\116\012\116\013\145\207\116\055\225\032\133\232\217\333\123\026}{}% 11
\BOOKMARK [2][-]{subsection.4.1}{\376\377\121\103\213\244\167\345\166\321\143\247\126\150\377\032\226\220\205\317\162\266\140\001\217\150\217\371\145\143\136\246}{section.4}% 12
\BOOKMARK [2][-]{subsection.4.2}{\376\377\200\124\124\010\225\056\171\072\117\213\150\300\175\042\377\032\213\355\116\111\135\114\121\145\116\016\157\300\155\073\162\171\137\201}{section.4}% 13
\BOOKMARK [2][-]{subsection.4.3}{\376\377\232\330\133\306\136\246\116\023\133\266\210\114\116\072\217\301\171\373\116\016\224\366\150\007\155\101\154\064\176\277}{section.4}% 14
\BOOKMARK [1][-]{section.5}{\376\377\213\304\117\060\123\117\213\256\116\016\133\236\232\214\213\276\177\156}{}% 15
\BOOKMARK [2][-]{subsection.5.1}{\376\377\145\073\121\373\127\372\176\277}{section.5}% 16
\BOOKMARK [2][-]{subsection.5.2}{\376\377\226\062\137\241\127\372\176\277}{section.5}% 17
\BOOKMARK [2][-]{subsection.5.3}{\376\377\145\160\143\156\226\306\116\016\143\007\150\007}{section.5}% 18
\BOOKMARK [2][-]{subsection.5.4}{\376\377\123\315\231\210\163\257\116\016\154\273\164\006}{section.5}% 19
\BOOKMARK [1][-]{section.6}{\376\377\211\343\200\046\133\211\121\150\166\204\162\151\164\006\133\146\377\032\134\100\226\120\116\016\217\320\210\114\217\271\165\114}{}% 20
\BOOKMARK [1][-]{section.7}{\376\377\166\370\121\163\135\345\117\134}{}% 21
\BOOKMARK [1][-]{section.8}{\376\377\176\323\213\272}{}% 22
